  12171810_homework2.cpp
C:\Users\yoojihoon\source\repos\12171810_homework2\12171810_homework2\12171810_homework2.cpp(31,25): warning C4838: 'int'에서 'char'(으)로의 변환에는 축소 변환이 필요합니다.
C:\Users\yoojihoon\source\repos\12171810_homework2\12171810_homework2\12171810_homework2.cpp(31,61): warning C4305: '초기화 중': 'int'에서 'char'(으)로 잘립니다.
C:\Users\yoojihoon\source\repos\12171810_homework2\12171810_homework2\12171810_homework2.cpp(31,25): warning C4309: '초기화 중': 상수 값이 잘립니다.
C:\Users\yoojihoon\source\repos\12171810_homework2\12171810_homework2\12171810_homework2.cpp(31,31): warning C4838: 'int'에서 'char'(으)로의 변환에는 축소 변환이 필요합니다.
C:\Users\yoojihoon\source\repos\12171810_homework2\12171810_homework2\12171810_homework2.cpp(31,31): warning C4309: '초기화 중': 상수 값이 잘립니다.
C:\Users\yoojihoon\source\repos\12171810_homework2\12171810_homework2\12171810_homework2.cpp(31,37): warning C4838: 'int'에서 'char'(으)로의 변환에는 축소 변환이 필요합니다.
C:\Users\yoojihoon\source\repos\12171810_homework2\12171810_homework2\12171810_homework2.cpp(31,37): warning C4309: '초기화 중': 상수 값이 잘립니다.
C:\Users\yoojihoon\source\repos\12171810_homework2\12171810_homework2\12171810_homework2.cpp(31,43): warning C4838: 'int'에서 'char'(으)로의 변환에는 축소 변환이 필요합니다.
C:\Users\yoojihoon\source\repos\12171810_homework2\12171810_homework2\12171810_homework2.cpp(31,43): warning C4309: '초기화 중': 상수 값이 잘립니다.
C:\Users\yoojihoon\source\repos\12171810_homework2\12171810_homework2\12171810_homework2.cpp(31,49): warning C4838: 'int'에서 'char'(으)로의 변환에는 축소 변환이 필요합니다.
C:\Users\yoojihoon\source\repos\12171810_homework2\12171810_homework2\12171810_homework2.cpp(31,49): warning C4309: '초기화 중': 상수 값이 잘립니다.
C:\Users\yoojihoon\source\repos\12171810_homework2\12171810_homework2\12171810_homework2.cpp(31,55): warning C4838: 'int'에서 'char'(으)로의 변환에는 축소 변환이 필요합니다.
C:\Users\yoojihoon\source\repos\12171810_homework2\12171810_homework2\12171810_homework2.cpp(31,55): warning C4309: '초기화 중': 상수 값이 잘립니다.
C:\Users\yoojihoon\source\repos\12171810_homework2\12171810_homework2\12171810_homework2.cpp(32,25): warning C4838: 'int'에서 'char'(으)로의 변환에는 축소 변환이 필요합니다.
C:\Users\yoojihoon\source\repos\12171810_homework2\12171810_homework2\12171810_homework2.cpp(32,79): warning C4305: '초기화 중': 'int'에서 'char'(으)로 잘립니다.
C:\Users\yoojihoon\source\repos\12171810_homework2\12171810_homework2\12171810_homework2.cpp(32,25): warning C4309: '초기화 중': 상수 값이 잘립니다.
C:\Users\yoojihoon\source\repos\12171810_homework2\12171810_homework2\12171810_homework2.cpp(32,32): warning C4838: 'int'에서 'char'(으)로의 변환에는 축소 변환이 필요합니다.
C:\Users\yoojihoon\source\repos\12171810_homework2\12171810_homework2\12171810_homework2.cpp(32,32): warning C4309: '초기화 중': 상수 값이 잘립니다.
C:\Users\yoojihoon\source\repos\12171810_homework2\12171810_homework2\12171810_homework2.cpp(32,39): warning C4838: 'int'에서 'char'(으)로의 변환에는 축소 변환이 필요합니다.
C:\Users\yoojihoon\source\repos\12171810_homework2\12171810_homework2\12171810_homework2.cpp(32,39): warning C4309: '초기화 중': 상수 값이 잘립니다.
C:\Users\yoojihoon\source\repos\12171810_homework2\12171810_homework2\12171810_homework2.cpp(32,46): warning C4838: 'int'에서 'char'(으)로의 변환에는 축소 변환이 필요합니다.
C:\Users\yoojihoon\source\repos\12171810_homework2\12171810_homework2\12171810_homework2.cpp(32,46): warning C4309: '초기화 중': 상수 값이 잘립니다.
C:\Users\yoojihoon\source\repos\12171810_homework2\12171810_homework2\12171810_homework2.cpp(32,53): warning C4838: 'int'에서 'char'(으)로의 변환에는 축소 변환이 필요합니다.
C:\Users\yoojihoon\source\repos\12171810_homework2\12171810_homework2\12171810_homework2.cpp(32,53): warning C4309: '초기화 중': 상수 값이 잘립니다.
C:\Users\yoojihoon\source\repos\12171810_homework2\12171810_homework2\12171810_homework2.cpp(32,59): warning C4838: 'int'에서 'char'(으)로의 변환에는 축소 변환이 필요합니다.
C:\Users\yoojihoon\source\repos\12171810_homework2\12171810_homework2\12171810_homework2.cpp(32,59): warning C4309: '초기화 중': 상수 값이 잘립니다.
C:\Users\yoojihoon\source\repos\12171810_homework2\12171810_homework2\12171810_homework2.cpp(32,66): warning C4838: 'int'에서 'char'(으)로의 변환에는 축소 변환이 필요합니다.
C:\Users\yoojihoon\source\repos\12171810_homework2\12171810_homework2\12171810_homework2.cpp(32,66): warning C4309: '초기화 중': 상수 값이 잘립니다.
C:\Users\yoojihoon\source\repos\12171810_homework2\12171810_homework2\12171810_homework2.cpp(32,73): warning C4838: 'int'에서 'char'(으)로의 변환에는 축소 변환이 필요합니다.
C:\Users\yoojihoon\source\repos\12171810_homework2\12171810_homework2\12171810_homework2.cpp(32,73): warning C4309: '초기화 중': 상수 값이 잘립니다.
  12171810_homework2.vcxproj -> C:\Users\yoojihoon\source\repos\12171810_homework2\Debug\12171810_homework2.exe
